[31m[24.06.2019 19:04:31] [ ERROR ] Не получилось ответить на запрос: Сторона не отвечает[0m
[31m[24.06.2019 19:04:37] [ ERROR ] Не получилось ответить на запрос: Сторона не отвечает[0m
[31m[24.06.2019 19:04:43] [ ERROR ] Не получилось ответить на запрос: Сторона не отвечает[0m
[31m[24.06.2019 19:04:49] [ ERROR ] Не получилось ответить на запрос: Сторона не отвечает[0m
[31m[24.06.2019 19:04:55] [ ERROR ] Не получилось ответить на запрос: Сторона не отвечает[0m
[31m[24.06.2019 19:05:01] [ ERROR ] Не получилось ответить на запрос: Сторона не отвечает[0m
[31m[24.06.2019 19:05:07] [ ERROR ] Не получилось ответить на запрос: Сторона не отвечает[0m
[31m[24.06.2019 19:05:13] [ ERROR ] Не получилось ответить на запрос: Сторона не отвечает[0m
[31m[24.06.2019 19:05:19] [ ERROR ] Не получилось ответить на запрос: Сторона не отвечает[0m
[31m[24.06.2019 19:05:25] [ ERROR ] Не получилось ответить на запрос: Сторона не отвечает[0m
[31m[24.06.2019 19:05:31] [ ERROR ] Не получилось ответить на запрос: Сторона не отвечает[0m
[31m[24.06.2019 19:05:37] [ ERROR ] Не получилось ответить на запрос: Сторона не отвечает[0m
[31m[24.06.2019 19:05:43] [ ERROR ] Не получилось ответить на запрос: Сторона не отвечает[0m
[31m[24.06.2019 19:05:49] [ ERROR ] Не получилось ответить на запрос: Сторона не отвечает[0m
[31m[24.06.2019 19:05:55] [ ERROR ] Не получилось ответить на запрос: Сторона не отвечает[0m
[31m[24.06.2019 19:06:01] [ ERROR ] Не получилось ответить на запрос: Сторона не отвечает[0m
[31m[24.06.2019 19:06:07] [ ERROR ] Не получилось ответить на запрос: Сторона не отвечает[0m
[31m[24.06.2019 19:06:13] [ ERROR ] Не получилось ответить на запрос: Сторона не отвечает[0m
[31m[24.06.2019 19:06:19] [ ERROR ] Не получилось ответить на запрос: Сторона не отвечает[0m
[31m[24.06.2019 19:06:25] [ ERROR ] Не получилось ответить на запрос: Сторона не отвечает[0m
[31m[24.06.2019 19:06:31] [ ERROR ] Не получилось ответить на запрос: Сторона не отвечает[0m
[31m[24.06.2019 19:06:37] [ ERROR ] Не получилось ответить на запрос: Сторона не отвечает[0m
[31m[24.06.2019 19:06:43] [ ERROR ] Не получилось ответить на запрос: Сторона не отвечает[0m
[31m[24.06.2019 19:06:49] [ ERROR ] Не получилось ответить на запрос: Сторона не отвечает[0m
[31m[24.06.2019 19:06:55] [ ERROR ] Не получилось ответить на запрос: Сторона не отвечает[0m
[31m[24.06.2019 19:07:01] [ ERROR ] Не получилось ответить на запрос: Сторона не отвечает[0m
[31m[24.06.2019 19:07:07] [ ERROR ] Не получилось ответить на запрос: Сторона не отвечает[0m
[31m[24.06.2019 19:07:13] [ ERROR ] Не получилось ответить на запрос: Сторона не отвечает[0m
[31m[24.06.2019 19:07:19] [ ERROR ] Не получилось ответить на запрос: Сторона не отвечает[0m
[31m[24.06.2019 19:07:25] [ ERROR ] Не получилось ответить на запрос: Сторона не отвечает[0m
[31m[24.06.2019 19:07:31] [ ERROR ] Не получилось ответить на запрос: Сторона не отвечает[0m
[31m[24.06.2019 19:07:37] [ ERROR ] Не получилось ответить на запрос: Сторона не отвечает[0m
[31m[24.06.2019 19:07:43] [ ERROR ] Не получилось ответить на запрос: Сторона не отвечает[0m
[31m[24.06.2019 19:07:49] [ ERROR ] Не получилось ответить на запрос: Сторона не отвечает[0m
[31m[24.06.2019 19:07:55] [ ERROR ] Не получилось ответить на запрос: Сторона не отвечает[0m
[31m[24.06.2019 19:08:01] [ ERROR ] Не получилось ответить на запрос: Сторона не отвечает[0m
[31m[24.06.2019 19:08:07] [ ERROR ] Не получилось ответить на запрос: Сторона не отвечает[0m
[31m[24.06.2019 19:08:13] [ ERROR ] Не получилось ответить на запрос: Сторона не отвечает[0m
[31m[24.06.2019 19:08:19] [ ERROR ] Не получилось ответить на запрос: Сторона не отвечает[0m
[31m[24.06.2019 19:08:25] [ ERROR ] Не получилось ответить на запрос: Сторона не отвечает[0m
[31m[24.06.2019 19:08:31] [ ERROR ] Не получилось ответить на запрос: Сторона не отвечает[0m
[31m[24.06.2019 19:08:37] [ ERROR ] Не получилось ответить на запрос: Сторона не отвечает[0m
[31m[24.06.2019 19:08:43] [ ERROR ] Не получилось ответить на запрос: Сторона не отвечает[0m
[31m[24.06.2019 19:08:53] [ ERROR ] Не получилось ответить на запрос: Сторона не отвечает[0m
[31m[24.06.2019 19:08:59] [ ERROR ] Не получилось ответить на запрос: Сторона не отвечает[0m
[31m[24.06.2019 19:09:05] [ ERROR ] Не получилось ответить на запрос: Сторона не отвечает[0m
[31m[24.06.2019 19:09:11] [ ERROR ] Не получилось ответить на запрос: Сторона не отвечает[0m
[31m[24.06.2019 19:09:17] [ ERROR ] Не получилось ответить на запрос: Сторона не отвечает[0m
[31m[24.06.2019 19:09:23] [ ERROR ] Не получилось ответить на запрос: Сторона не отвечает[0m
[31m[24.06.2019 19:09:29] [ ERROR ] Не получилось ответить на запрос: Сторона не отвечает[0m
[31m[24.06.2019 19:09:35] [ ERROR ] Не получилось ответить на запрос: Сторона не отвечает[0m
[31m[24.06.2019 19:09:41] [ ERROR ] Не получилось ответить на запрос: Сторона не отвечает[0m
[31m[24.06.2019 19:09:47] [ ERROR ] Не получилось ответить на запрос: Сторона не отвечает[0m
[31m[24.06.2019 19:09:53] [ ERROR ] Не получилось ответить на запрос: Сторона не отвечает[0m
[31m[24.06.2019 19:09:59] [ ERROR ] Не получилось ответить на запрос: Сторона не отвечает[0m
[31m[24.06.2019 19:10:05] [ ERROR ] Не получилось ответить на запрос: Сторона не отвечает[0m
[31m[24.06.2019 19:10:11] [ ERROR ] Не получилось ответить на запрос: Сторона не отвечает[0m
[31m[24.06.2019 19:10:17] [ ERROR ] Не получилось ответить на запрос: Сторона не отвечает[0m
[31m[24.06.2019 19:10:23] [ ERROR ] Не получилось ответить на запрос: Сторона не отвечает[0m
[31m[24.06.2019 19:10:29] [ ERROR ] Не получилось ответить на запрос: Сторона не отвечает[0m
[31m[24.06.2019 19:53:53] [ ERROR ] Не получилось ответить на запрос: Сторона не отвечает[0m
[31m[24.06.2019 19:53:59] [ ERROR ] Не получилось ответить на запрос: Сторона не отвечает[0m
[31m[24.06.2019 19:54:05] [ ERROR ] Не получилось ответить на запрос: Сторона не отвечает[0m
[31m[24.06.2019 19:54:11] [ ERROR ] Не получилось ответить на запрос: Сторона не отвечает[0m
[31m[24.06.2019 19:54:17] [ ERROR ] Не получилось ответить на запрос: Сторона не отвечает[0m
[31m[24.06.2019 20:01:07] [ ERROR ] Не получилось отправить сообщение клиенту: Сторона не отвечает[0m
[31m[24.06.2019 20:07:45] [ ERROR ] Не получилось отправить сообщение клиенту: Сторона не отвечает[0m
[31m[24.06.2019 20:07:51] [ ERROR ] Не получилось отправить сообщение клиенту: Сторона не отвечает[0m
[31m[24.06.2019 20:07:57] [ ERROR ] Не получилось отправить сообщение клиенту: Сторона не отвечает[0m
[31m[24.06.2019 20:52:00] [ ERROR ] Не получилось отправить сообщение клиенту: Сторона не отвечает[0m
[31m[24.06.2019 20:52:06] [ ERROR ] Не получилось отправить сообщение клиенту: Сторона не отвечает[0m
[31m[24.06.2019 20:52:12] [ ERROR ] Не получилось отправить сообщение клиенту: Сторона не отвечает[0m
[31m[24.06.2019 20:52:18] [ ERROR ] Не получилось отправить сообщение клиенту: Сторона не отвечает[0m
[31m[25.06.2019 13:29:15] [ ERROR ] Не получилось отправить сообщение клиенту: Сторона не отвечает[0m
[31m[25.06.2019 13:29:21] [ ERROR ] Не получилось отправить сообщение клиенту: Сторона не отвечает[0m
[31m[25.06.2019 13:29:27] [ ERROR ] Не получилось отправить сообщение клиенту: Сторона не отвечает[0m
[31m[25.06.2019 13:29:33] [ ERROR ] Не получилось отправить сообщение клиенту: Сторона не отвечает[0m
[31m[25.06.2019 13:31:05] [ ERROR ] Не получилось отправить сообщение клиенту: Сторона не отвечает[0m
[31m[25.06.2019 13:31:11] [ ERROR ] Не получилось отправить сообщение клиенту: Сторона не отвечает[0m
[31m[25.06.2019 13:33:06] [ ERROR ] Не получилось отправить сообщение клиенту: Сторона не отвечает[0m
[31m[25.06.2019 13:33:12] [ ERROR ] Не получилось отправить сообщение клиенту: Сторона не отвечает[0m
[31m[25.06.2019 13:49:37] [ ERROR ] Не получилось отправить сообщение клиенту: Сторона не отвечает[0m
[31m[25.06.2019 13:49:43] [ ERROR ] Не получилось отправить сообщение клиенту: Сторона не отвечает[0m
[31m[25.06.2019 13:58:26] [ ERROR ] Не получилось отправить сообщение клиенту: Сторона не отвечает[0m
[31m[25.06.2019 13:58:32] [ ERROR ] Не получилось отправить сообщение клиенту: Сторона не отвечает[0m
[31m[25.06.2019 14:03:34] [ ERROR ] Не получилось отправить сообщение клиенту: Сторона не отвечает[0m
[31m[25.06.2019 14:03:40] [ ERROR ] Не получилось отправить сообщение клиенту: Сторона не отвечает[0m
[31m[25.06.2019 14:06:24] [ ERROR ] Не получилось отправить сообщение клиенту: Сторона не отвечает[0m
[31m[25.06.2019 14:06:30] [ ERROR ] Не получилось отправить сообщение клиенту: Сторона не отвечает[0m
[31m[25.06.2019 14:10:29] [ ERROR ] Не получилось отправить сообщение клиенту: Сторона не отвечает[0m
[31m[25.06.2019 14:10:35] [ ERROR ] Не получилось отправить сообщение клиенту: Сторона не отвечает[0m
[31m[25.06.2019 14:13:42] [ ERROR ] Не получилось отправить сообщение клиенту: Сторона не отвечает[0m
[31m[25.06.2019 14:13:48] [ ERROR ] Не получилось отправить сообщение клиенту: Сторона не отвечает[0m
[31m[25.06.2019 14:14:44] [ ERROR ] Не получилось отправить сообщение клиенту: Сторона не отвечает[0m
[31m[25.06.2019 14:14:50] [ ERROR ] Не получилось отправить сообщение клиенту: Сторона не отвечает[0m
[31m[25.06.2019 14:32:51] [ ERROR ] Не получилось отправить сообщение клиенту: Сторона не отвечает[0m
[31m[25.06.2019 14:39:47] [ ERROR ] Не получилось отправить сообщение клиенту: Сторона не отвечает[0m
[31m[25.06.2019 14:41:29] [ ERROR ] Не получилось отправить сообщение клиенту: Сторона не отвечает[0m
[31m[25.06.2019 14:45:29] [ ERROR ] Не получилось отправить сообщение клиенту: Сторона не отвечает[0m
[31m[25.06.2019 20:32:24] [ ERROR ] Не получилось отправить сообщение клиенту: Сторона не отвечает[0m
[31m[27.06.2019 19:32:48] [ ERROR ] Не получилось отправить сообщение клиенту: Сторона не отвечает[0m
[31m[27.06.2019 21:48:38] [ ERROR ] Не получилось запустить сервер: java.net.BindException: Address already in use: Cannot bind[0m
[31m[27.06.2019 21:59:01] [ ERROR ] Не получилось отправить сообщение клиенту: Сторона не отвечает[0m
[31m[27.06.2019 21:59:59] [ ERROR ] Не получилось отправить сообщение клиенту: Сторона не отвечает[0m
[31m[27.06.2019 22:00:45] [ ERROR ] Не получилось отправить сообщение клиенту: Сторона не отвечает[0m
[31m[27.06.2019 22:12:54] [ ERROR ] Не получилось отправить сообщение клиенту: Сторона не отвечает[0m
[31m[27.06.2019 22:13:41] [ ERROR ] Не получилось отправить сообщение клиенту: Сторона не отвечает[0m
[31m[27.06.2019 22:16:22] [ ERROR ] Не получилось отправить сообщение клиенту: Сторона не отвечает[0m
[31m[27.06.2019 22:16:28] [ ERROR ] Не получилось отправить сообщение клиенту: Сторона не отвечает[0m
[31m[27.06.2019 22:18:01] [ ERROR ] Не получилось отправить сообщение клиенту: Сторона не отвечает[0m
[31m[27.06.2019 22:18:07] [ ERROR ] Не получилось отправить сообщение клиенту: Сторона не отвечает[0m
[31m[28.06.2019 01:08:59] [ ERROR ] Не получилось отправить сообщение клиенту: Сторона не отвечает[0m
[31m[28.06.2019 14:37:25] [ ERROR ] Не получилось отправить сообщение клиенту: Сторона не отвечает[0m
[31m[29.06.2019 14:12:50] [ ERROR ] Не получилось отправить сообщение клиенту: Сторона не отвечает[0m
[31m[29.06.2019 14:15:26] [ ERROR ] Не получилось отправить сообщение клиенту: Сторона не отвечает[0m
[31m[29.06.2019 14:16:48] [ ERROR ] Не получилось запустить сервер: java.net.BindException: Address already in use: Cannot bind[0m
[31m[29.06.2019 14:16:56] [ ERROR ] Не получилось запустить сервер: java.net.BindException: Address already in use: Cannot bind[0m
[31m[29.06.2019 14:21:00] [ ERROR ] Не получилось отправить сообщение клиенту: Сторона не отвечает[0m
[31m[29.06.2019 15:06:54] [ ERROR ] Не получилось отправить сообщение клиенту: Сторона не отвечает[0m
[31m[29.06.2019 15:07:00] [ ERROR ] Не получилось отправить сообщение клиенту: Сторона не отвечает[0m
[31m[29.06.2019 15:09:17] [ ERROR ] Не получилось отправить сообщение клиенту: Сторона не отвечает[0m
[31m[29.06.2019 15:09:23] [ ERROR ] Не получилось отправить сообщение клиенту: Сторона не отвечает[0m
[31m[29.06.2019 15:09:29] [ ERROR ] Не получилось отправить сообщение клиенту: Сторона не отвечает[0m
[31m[29.06.2019 15:09:35] [ ERROR ] Не получилось отправить сообщение клиенту: Сторона не отвечает[0m
[31m[30.06.2019 00:00:14] [ ERROR ] Не получилось отправить сообщение клиенту: Сторона не отвечает[0m
[31m[30.06.2019 04:26:03] [ ERROR ] org.postgresql.util.PSQLException: ОШИБКА: повторяющееся значение ключа нарушает ограничение уникальности "things_pkey"
  Подробности: Ключ "(id)=(20)" уже существует.[0m
[31m[30.06.2019 05:07:48] [ ERROR ] Не получилось отправить сообщение клиенту: Сторона не отвечает[0m
[31m[30.06.2019 05:09:45] [ ERROR ] Не получилось отправить сообщение клиенту: Сторона не отвечает[0m
[31m[30.06.2019 05:10:16] [ ERROR ] Не получилось отправить сообщение клиенту: Сторона не отвечает[0m
